2025-11-16 15:28:35 [[31merror[39m]: [31mUnable to connect to the database:[39m {
  "name": "SequelizeConnectionRefusedError",
  "parent": {
    "code": "ECONNREFUSED"
  },
  "original": {
    "code": "ECONNREFUSED"
  },
  "stack": "SequelizeConnectionRefusedError\n    at Client._connectionCallback (C:\\dev\\farm2user\\farm2user\\node_modules\\sequelize\\src\\dialects\\postgres\\connection-manager.js:184:24)\n    at Client._handleErrorWhileConnecting (C:\\dev\\farm2user\\farm2user\\node_modules\\pg\\lib\\client.js:336:19)\n    at Client._handleErrorEvent (C:\\dev\\farm2user\\farm2user\\node_modules\\pg\\lib\\client.js:346:19)\n    at Connection.emit (node:events:524:28)\n    at Socket.reportStreamError (C:\\dev\\farm2user\\farm2user\\node_modules\\pg\\lib\\connection.js:57:12)\n    at Socket.emit (node:events:524:28)\n    at emitErrorNT (node:internal/streams/destroy:169:8)\n    at emitErrorCloseNT (node:internal/streams/destroy:128:3)\n    at process.processTicksAndRejections (node:internal/process/task_queues:82:21)"
}
2025-11-16 15:30:41 [[31merror[39m]: [31mUnable to connect to the database:[39m {
  "name": "SequelizeConnectionRefusedError",
  "parent": {
    "code": "ECONNREFUSED"
  },
  "original": {
    "code": "ECONNREFUSED"
  },
  "stack": "SequelizeConnectionRefusedError\n    at Client._connectionCallback (C:\\dev\\farm2user\\farm2user\\node_modules\\sequelize\\src\\dialects\\postgres\\connection-manager.js:184:24)\n    at Client._handleErrorWhileConnecting (C:\\dev\\farm2user\\farm2user\\node_modules\\pg\\lib\\client.js:336:19)\n    at Client._handleErrorEvent (C:\\dev\\farm2user\\farm2user\\node_modules\\pg\\lib\\client.js:346:19)\n    at Connection.emit (node:events:524:28)\n    at Socket.reportStreamError (C:\\dev\\farm2user\\farm2user\\node_modules\\pg\\lib\\connection.js:57:12)\n    at Socket.emit (node:events:524:28)\n    at emitErrorNT (node:internal/streams/destroy:169:8)\n    at emitErrorCloseNT (node:internal/streams/destroy:128:3)\n    at process.processTicksAndRejections (node:internal/process/task_queues:82:21)"
}
2025-11-16 15:31:55 [[31merror[39m]: [31mUnable to connect to the database:[39m {
  "name": "SequelizeConnectionRefusedError",
  "parent": {
    "code": "ECONNREFUSED"
  },
  "original": {
    "code": "ECONNREFUSED"
  },
  "stack": "SequelizeConnectionRefusedError\n    at Client._connectionCallback (C:\\dev\\farm2user\\farm2user\\node_modules\\sequelize\\src\\dialects\\postgres\\connection-manager.js:184:24)\n    at Client._handleErrorWhileConnecting (C:\\dev\\farm2user\\farm2user\\node_modules\\pg\\lib\\client.js:336:19)\n    at Client._handleErrorEvent (C:\\dev\\farm2user\\farm2user\\node_modules\\pg\\lib\\client.js:346:19)\n    at Connection.emit (node:events:524:28)\n    at Socket.reportStreamError (C:\\dev\\farm2user\\farm2user\\node_modules\\pg\\lib\\connection.js:57:12)\n    at Socket.emit (node:events:524:28)\n    at emitErrorNT (node:internal/streams/destroy:169:8)\n    at emitErrorCloseNT (node:internal/streams/destroy:128:3)\n    at process.processTicksAndRejections (node:internal/process/task_queues:82:21)"
}
2025-11-16 15:32:13 [[31merror[39m]: [31mUnable to connect to the database:[39m {
  "name": "SequelizeConnectionRefusedError",
  "parent": {
    "code": "ECONNREFUSED"
  },
  "original": {
    "code": "ECONNREFUSED"
  },
  "stack": "SequelizeConnectionRefusedError\n    at Client._connectionCallback (C:\\dev\\farm2user\\farm2user\\node_modules\\sequelize\\src\\dialects\\postgres\\connection-manager.js:184:24)\n    at Client._handleErrorWhileConnecting (C:\\dev\\farm2user\\farm2user\\node_modules\\pg\\lib\\client.js:336:19)\n    at Client._handleErrorEvent (C:\\dev\\farm2user\\farm2user\\node_modules\\pg\\lib\\client.js:346:19)\n    at Connection.emit (node:events:524:28)\n    at Socket.reportStreamError (C:\\dev\\farm2user\\farm2user\\node_modules\\pg\\lib\\connection.js:57:12)\n    at Socket.emit (node:events:524:28)\n    at emitErrorNT (node:internal/streams/destroy:169:8)\n    at emitErrorCloseNT (node:internal/streams/destroy:128:3)\n    at process.processTicksAndRejections (node:internal/process/task_queues:82:21)"
}
2025-11-16 15:33:01 [[31merror[39m]: [31mUnable to connect to the database:[39m {
  "name": "SequelizeConnectionRefusedError",
  "parent": {
    "code": "ECONNREFUSED"
  },
  "original": {
    "code": "ECONNREFUSED"
  },
  "stack": "SequelizeConnectionRefusedError\n    at Client._connectionCallback (C:\\dev\\farm2user\\farm2user\\node_modules\\sequelize\\src\\dialects\\postgres\\connection-manager.js:184:24)\n    at Client._handleErrorWhileConnecting (C:\\dev\\farm2user\\farm2user\\node_modules\\pg\\lib\\client.js:336:19)\n    at Client._handleErrorEvent (C:\\dev\\farm2user\\farm2user\\node_modules\\pg\\lib\\client.js:346:19)\n    at Connection.emit (node:events:524:28)\n    at Socket.reportStreamError (C:\\dev\\farm2user\\farm2user\\node_modules\\pg\\lib\\connection.js:57:12)\n    at Socket.emit (node:events:524:28)\n    at emitErrorNT (node:internal/streams/destroy:169:8)\n    at emitErrorCloseNT (node:internal/streams/destroy:128:3)\n    at process.processTicksAndRejections (node:internal/process/task_queues:82:21)"
}
2025-11-16 15:33:01 [[31merror[39m]: [31mDatabase initialization failed:[39m {
  "name": "SequelizeConnectionRefusedError",
  "parent": {
    "code": "ECONNREFUSED"
  },
  "original": {
    "code": "ECONNREFUSED"
  },
  "stack": "SequelizeConnectionRefusedError\n    at Client._connectionCallback (C:\\dev\\farm2user\\farm2user\\node_modules\\sequelize\\src\\dialects\\postgres\\connection-manager.js:184:24)\n    at Client._handleErrorWhileConnecting (C:\\dev\\farm2user\\farm2user\\node_modules\\pg\\lib\\client.js:336:19)\n    at Client._handleErrorEvent (C:\\dev\\farm2user\\farm2user\\node_modules\\pg\\lib\\client.js:346:19)\n    at Connection.emit (node:events:524:28)\n    at Socket.reportStreamError (C:\\dev\\farm2user\\farm2user\\node_modules\\pg\\lib\\connection.js:57:12)\n    at Socket.emit (node:events:524:28)\n    at emitErrorNT (node:internal/streams/destroy:169:8)\n    at emitErrorCloseNT (node:internal/streams/destroy:128:3)\n    at process.processTicksAndRejections (node:internal/process/task_queues:82:21)"
}
2025-11-16 15:33:01 [[33mwarn[39m]: [33mFalling back to SQLite in-memory database for development.[39m 
2025-11-16 15:33:01 [[37mdebug[39m]: [37mExecuting (default): SELECT 1+1 AS result[39m 
2025-11-16 15:33:01 [[37mdebug[39m]: [37mExecuting (default): SELECT 1+1 AS result[39m 
2025-11-16 15:33:01 [[32minfo[39m]: [32mSQLite in-memory database initialized for development.[39m 
2025-11-16 15:33:01 [[32minfo[39m]: [32m🚀 Server running on port 3000[39m 
2025-11-16 15:33:01 [[32minfo[39m]: [32mEnvironment: development[39m 
2025-11-16 15:33:01 [[32minfo[39m]: [32mDatabase: farm2door_dev@localhost:5432[39m 
2025-11-16 15:33:01 [[32minfo[39m]: [32mHealth check: http://localhost:3000/api/health[39m 
2025-11-16 15:33:47 [[31merror[39m]: [31mUnable to connect to the database:[39m {
  "name": "SequelizeConnectionRefusedError",
  "parent": {
    "code": "ECONNREFUSED"
  },
  "original": {
    "code": "ECONNREFUSED"
  },
  "stack": "SequelizeConnectionRefusedError\n    at Client._connectionCallback (C:\\dev\\farm2user\\farm2user\\node_modules\\sequelize\\src\\dialects\\postgres\\connection-manager.js:184:24)\n    at Client._handleErrorWhileConnecting (C:\\dev\\farm2user\\farm2user\\node_modules\\pg\\lib\\client.js:336:19)\n    at Client._handleErrorEvent (C:\\dev\\farm2user\\farm2user\\node_modules\\pg\\lib\\client.js:346:19)\n    at Connection.emit (node:events:524:28)\n    at Socket.reportStreamError (C:\\dev\\farm2user\\farm2user\\node_modules\\pg\\lib\\connection.js:57:12)\n    at Socket.emit (node:events:524:28)\n    at emitErrorNT (node:internal/streams/destroy:169:8)\n    at emitErrorCloseNT (node:internal/streams/destroy:128:3)\n    at process.processTicksAndRejections (node:internal/process/task_queues:82:21)"
}
2025-11-16 15:33:47 [[31merror[39m]: [31mDatabase initialization failed:[39m {
  "name": "SequelizeConnectionRefusedError",
  "parent": {
    "code": "ECONNREFUSED"
  },
  "original": {
    "code": "ECONNREFUSED"
  },
  "stack": "SequelizeConnectionRefusedError\n    at Client._connectionCallback (C:\\dev\\farm2user\\farm2user\\node_modules\\sequelize\\src\\dialects\\postgres\\connection-manager.js:184:24)\n    at Client._handleErrorWhileConnecting (C:\\dev\\farm2user\\farm2user\\node_modules\\pg\\lib\\client.js:336:19)\n    at Client._handleErrorEvent (C:\\dev\\farm2user\\farm2user\\node_modules\\pg\\lib\\client.js:346:19)\n    at Connection.emit (node:events:524:28)\n    at Socket.reportStreamError (C:\\dev\\farm2user\\farm2user\\node_modules\\pg\\lib\\connection.js:57:12)\n    at Socket.emit (node:events:524:28)\n    at emitErrorNT (node:internal/streams/destroy:169:8)\n    at emitErrorCloseNT (node:internal/streams/destroy:128:3)\n    at process.processTicksAndRejections (node:internal/process/task_queues:82:21)"
}
2025-11-16 15:33:47 [[33mwarn[39m]: [33mFalling back to SQLite in-memory database for development.[39m 
2025-11-16 15:33:47 [[37mdebug[39m]: [37mExecuting (default): SELECT 1+1 AS result[39m 
2025-11-16 15:33:47 [[37mdebug[39m]: [37mExecuting (default): SELECT 1+1 AS result[39m 
2025-11-16 15:33:47 [[32minfo[39m]: [32mSQLite in-memory database initialized for development.[39m 
2025-11-16 15:33:47 [[32minfo[39m]: [32m🚀 Server running on port 3000[39m 
2025-11-16 15:33:47 [[32minfo[39m]: [32mEnvironment: development[39m 
2025-11-16 15:33:47 [[32minfo[39m]: [32mDatabase: farm2door_dev@localhost:5432[39m 
2025-11-16 15:33:47 [[32minfo[39m]: [32mHealth check: http://localhost:3000/api/health[39m 
2025-11-16 15:38:29 [[31merror[39m]: [31mUnable to connect to the database:[39m {
  "name": "SequelizeConnectionRefusedError",
  "parent": {
    "code": "ECONNREFUSED"
  },
  "original": {
    "code": "ECONNREFUSED"
  },
  "stack": "SequelizeConnectionRefusedError\n    at Client._connectionCallback (C:\\dev\\farm2user\\farm2user\\node_modules\\sequelize\\src\\dialects\\postgres\\connection-manager.js:184:24)\n    at Client._handleErrorWhileConnecting (C:\\dev\\farm2user\\farm2user\\node_modules\\pg\\lib\\client.js:336:19)\n    at Client._handleErrorEvent (C:\\dev\\farm2user\\farm2user\\node_modules\\pg\\lib\\client.js:346:19)\n    at Connection.emit (node:events:524:28)\n    at Socket.reportStreamError (C:\\dev\\farm2user\\farm2user\\node_modules\\pg\\lib\\connection.js:57:12)\n    at Socket.emit (node:events:524:28)\n    at emitErrorNT (node:internal/streams/destroy:169:8)\n    at emitErrorCloseNT (node:internal/streams/destroy:128:3)\n    at process.processTicksAndRejections (node:internal/process/task_queues:82:21)"
}
2025-11-16 15:38:29 [[31merror[39m]: [31mDatabase initialization failed:[39m {
  "name": "SequelizeConnectionRefusedError",
  "parent": {
    "code": "ECONNREFUSED"
  },
  "original": {
    "code": "ECONNREFUSED"
  },
  "stack": "SequelizeConnectionRefusedError\n    at Client._connectionCallback (C:\\dev\\farm2user\\farm2user\\node_modules\\sequelize\\src\\dialects\\postgres\\connection-manager.js:184:24)\n    at Client._handleErrorWhileConnecting (C:\\dev\\farm2user\\farm2user\\node_modules\\pg\\lib\\client.js:336:19)\n    at Client._handleErrorEvent (C:\\dev\\farm2user\\farm2user\\node_modules\\pg\\lib\\client.js:346:19)\n    at Connection.emit (node:events:524:28)\n    at Socket.reportStreamError (C:\\dev\\farm2user\\farm2user\\node_modules\\pg\\lib\\connection.js:57:12)\n    at Socket.emit (node:events:524:28)\n    at emitErrorNT (node:internal/streams/destroy:169:8)\n    at emitErrorCloseNT (node:internal/streams/destroy:128:3)\n    at process.processTicksAndRejections (node:internal/process/task_queues:82:21)"
}
2025-11-16 15:38:29 [[33mwarn[39m]: [33mFalling back to SQLite in-memory database for development.[39m 
2025-11-16 15:38:29 [[37mdebug[39m]: [37mExecuting (default): SELECT 1+1 AS result[39m 
2025-11-16 15:38:29 [[37mdebug[39m]: [37mExecuting (default): SELECT 1+1 AS result[39m 
2025-11-16 15:38:29 [[32minfo[39m]: [32mSQLite in-memory database initialized for development.[39m 
2025-11-16 15:38:29 [[32minfo[39m]: [32m🚀 Server running on port 3000[39m 
2025-11-16 15:38:29 [[32minfo[39m]: [32mEnvironment: development[39m 
2025-11-16 15:38:29 [[32minfo[39m]: [32mDatabase: farm2door_dev@localhost:5432[39m 
2025-11-16 15:38:29 [[32minfo[39m]: [32mHealth check: http://localhost:3000/api/health[39m 
